2025-06-27 17:16:28,719 - __main__ - INFO - Starting application. Log file: /Users/mohamedabdulkabia/Desktop/school.edu.sl/National/DataCleaningTool/logs/app_20250627_171628.log
2025-06-27 17:16:28,719 - __main__ - INFO - Global exception handler installed
2025-06-27 17:16:28,720 - app.utils.memory_monitor - INFO - Memory monitoring started
2025-06-27 17:16:28,720 - __main__ - INFO - Memory monitoring started
2025-06-27 17:17:11,897 - app.controllers.data_cleaner - INFO - Clearing previous data and resetting state.
2025-06-27 17:17:11,914 - app.views.main_window - INFO - Loading file: /Users/mohamedabdulkabia/Desktop/school.edu.sl/school db/2017-School-List.xlsx (0.58 MB)
2025-06-27 17:17:11,914 - app.controllers.data_cleaner - INFO - Loading data from /Users/mohamedabdulkabia/Desktop/school.edu.sl/school db/2017-School-List.xlsx
2025-06-27 17:17:12,326 - app.controllers.data_cleaner - INFO - Detected 9 columns in /Users/mohamedabdulkabia/Desktop/school.edu.sl/school db/2017-School-List.xlsx
2025-06-27 17:17:12,650 - app.controllers.data_cleaner - INFO - Got preview with 9 columns
2025-06-27 17:17:12,650 - app.controllers.data_cleaner - INFO - Using Excel safeguard for safer loading
2025-06-27 17:17:12,650 - app.utils.excel_safeguard - INFO - Starting safe Excel loading for: /Users/mohamedabdulkabia/Desktop/school.edu.sl/school db/2017-School-List.xlsx
2025-06-27 17:17:12,654 - app.utils.excel_safeguard - INFO - Excel file size: 612029 bytes, using engine: openpyxl
2025-06-27 17:17:12,654 - app.utils.excel_safeguard - INFO - Attempting Excel loading strategy 1
2025-06-27 17:17:12,656 - app.utils.excel_safeguard - WARNING - Direct (chunked) load failed: read_excel() got an unexpected keyword argument 'iterator'
2025-06-27 17:17:12,657 - app.utils.excel_safeguard - DEBUG - Traceback (most recent call last):
  File "/Users/mohamedabdulkabia/Desktop/school.edu.sl/National/DataCleaningTool/app/utils/excel_safeguard.py", line 112, in _try_direct_load
    iterator = pd.read_excel(file_path, iterator=True, chunksize=chunk_size)
TypeError: read_excel() got an unexpected keyword argument 'iterator'

2025-06-27 17:17:12,657 - app.utils.excel_safeguard - INFO - Attempting Excel loading strategy 2
2025-06-27 17:17:12,657 - app.utils.excel_safeguard - INFO - Trying fallback engine: xlrd
2025-06-27 17:17:12,658 - app.utils.excel_safeguard - WARNING - Fallback engine failed: Excel xlsx file; not supported
2025-06-27 17:17:12,658 - app.utils.excel_safeguard - INFO - Attempting Excel loading strategy 3
2025-06-27 17:17:12,659 - app.utils.excel_safeguard - INFO - Attempting emergency conversion with external tools
2025-06-27 17:17:12,660 - app.utils.excel_safeguard - INFO - Excel file appears to be XLSX (zip format)
2025-06-27 17:17:12,660 - app.utils.excel_safeguard - INFO - Excel loading strategy 3 succeeded
2025-06-27 17:17:12,660 - app.controllers.data_cleaner - INFO - Excel safely converted to CSV at /var/folders/yy/bqz5m2wx4l78by5hmygf7snc0000gn/T/tmp8flc0bsb.csv
2025-06-27 17:17:12,660 - app.controllers.data_cleaner - INFO - Estimated 4 rows in converted CSV
2025-06-27 17:17:12,660 - app.views.main_window - ERROR - Error loading data: 'PandasTableModel' object has no attribute 'set_data'
2025-06-27 17:49:10,298 - app.utils.memory_monitor - INFO - Memory monitoring stopped. Peak usage: 248.375 MB
2025-06-27 17:49:10,299 - __main__ - INFO - Memory monitoring stopped
2025-06-27 17:49:10,299 - __main__ - INFO - Application shutting down
