2025-06-28 10:34:52,200 - __main__ - INFO - Starting application. Log file: /Users/mohamedabdulkabia/Desktop/school.edu.sl/National/DataCleaningTool/logs/app_20250628_103452.log
2025-06-28 10:34:52,200 - __main__ - INFO - Global exception handler installed
2025-06-28 10:34:52,200 - app.utils.memory_monitor - INFO - Memory monitoring started
2025-06-28 10:34:52,201 - __main__ - INFO - Memory monitoring started
2025-06-28 10:34:52,353 - app.views.main_window - INFO - Multithreading with maximum 10 threads
2025-06-28 10:35:23,616 - app.utils.excel_safeguard - INFO - Starting robust Excel loading for: /Users/mohamedabdulkabia/Desktop/school.edu.sl/school db/2017-School-List.xlsx
2025-06-28 10:35:23,618 - app.utils.excel_safeguard - INFO - Starting manual chunked conversion to CSV: /var/folders/yy/bqz5m2wx4l78by5hmygf7snc0000gn/T/tmp73bi34mw.csv using engine: openpyxl
2025-06-28 10:35:24,044 - app.utils.excel_safeguard - INFO - Estimated total rows: 9259
2025-06-28 10:35:29,800 - app.utils.excel_safeguard - INFO - Chunked conversion successful, total rows: 9258
2025-06-28 10:35:29,801 - app.controllers.data_cleaner - INFO - Preparing data iterator from temporary file: /var/folders/yy/bqz5m2wx4l78by5hmygf7snc0000gn/T/tmp73bi34mw.csv
2025-06-28 10:35:29,801 - app.utils.excel_safeguard - DEBUG - Removed temp file: /var/folders/yy/bqz5m2wx4l78by5hmygf7snc0000gn/T/tmp73bi34mw.csv
2025-06-28 10:35:29,801 - app.controllers.data_cleaner - ERROR - Failed to create data iterator from temp CSV: [Errno 2] No such file or directory: '/var/folders/yy/bqz5m2wx4l78by5hmygf7snc0000gn/T/tmp73bi34mw.csv'
2025-06-28 10:35:29,804 - app.controllers.data_cleaner - DEBUG - Traceback (most recent call last):
  File "/Users/mohamedabdulkabia/Desktop/school.edu.sl/National/DataCleaningTool/app/controllers/data_cleaner.py", line 128, in load_data
    self.raw_data = pd.read_csv(temp_csv_path, chunksize=10000, low_memory=False)
                    ~~~~~~~~~~~^^^^^^^^^^^^^^^^^^^^^^^^^^^^^^^^^^^^^^^^^^^^^^^^^^
  File "/Users/mohamedabdulkabia/Desktop/school.edu.sl/National/DataCleaningTool/venv/lib/python3.13/site-packages/pandas/io/parsers/readers.py", line 1026, in read_csv
    return _read(filepath_or_buffer, kwds)
  File "/Users/mohamedabdulkabia/Desktop/school.edu.sl/National/DataCleaningTool/venv/lib/python3.13/site-packages/pandas/io/parsers/readers.py", line 620, in _read
    parser = TextFileReader(filepath_or_buffer, **kwds)
  File "/Users/mohamedabdulkabia/Desktop/school.edu.sl/National/DataCleaningTool/venv/lib/python3.13/site-packages/pandas/io/parsers/readers.py", line 1620, in __init__
    self._engine = self._make_engine(f, self.engine)
                   ~~~~~~~~~~~~~~~~~^^^^^^^^^^^^^^^^
  File "/Users/mohamedabdulkabia/Desktop/school.edu.sl/National/DataCleaningTool/venv/lib/python3.13/site-packages/pandas/io/parsers/readers.py", line 1880, in _make_engine
    self.handles = get_handle(
                   ~~~~~~~~~~^
        f,
        ^^
    ...<6 lines>...
        storage_options=self.options.get("storage_options", None),
        ^^^^^^^^^^^^^^^^^^^^^^^^^^^^^^^^^^^^^^^^^^^^^^^^^^^^^^^^^^
    )
    ^
  File "/Users/mohamedabdulkabia/Desktop/school.edu.sl/National/DataCleaningTool/venv/lib/python3.13/site-packages/pandas/io/common.py", line 873, in get_handle
    handle = open(
        handle,
    ...<3 lines>...
        newline="",
    )
FileNotFoundError: [Errno 2] No such file or directory: '/var/folders/yy/bqz5m2wx4l78by5hmygf7snc0000gn/T/tmp73bi34mw.csv'

2025-06-28 10:35:29,804 - app.views.main_window - ERROR - File loading failed: Failed to prepare data for processing.
2025-06-28 10:36:59,711 - app.utils.excel_safeguard - INFO - Starting robust Excel loading for: /Users/mohamedabdulkabia/Desktop/school.edu.sl/school db/2017-School-List.xlsx
2025-06-28 10:36:59,715 - app.utils.excel_safeguard - INFO - Starting manual chunked conversion to CSV: /var/folders/yy/bqz5m2wx4l78by5hmygf7snc0000gn/T/tmpdlq8mpkz.csv using engine: openpyxl
2025-06-28 10:37:00,068 - app.utils.excel_safeguard - INFO - Estimated total rows: 9259
2025-06-28 10:37:05,767 - app.utils.excel_safeguard - INFO - Chunked conversion successful, total rows: 9258
2025-06-28 10:37:05,769 - app.utils.excel_safeguard - DEBUG - Removed temp file: /var/folders/yy/bqz5m2wx4l78by5hmygf7snc0000gn/T/tmpdlq8mpkz.csv
2025-06-28 10:37:05,769 - app.controllers.data_cleaner - INFO - Preparing data iterator from temporary file: /var/folders/yy/bqz5m2wx4l78by5hmygf7snc0000gn/T/tmpdlq8mpkz.csv
2025-06-28 10:37:05,769 - app.controllers.data_cleaner - ERROR - Failed to create data iterator from temp CSV: [Errno 2] No such file or directory: '/var/folders/yy/bqz5m2wx4l78by5hmygf7snc0000gn/T/tmpdlq8mpkz.csv'
2025-06-28 10:37:05,770 - app.controllers.data_cleaner - DEBUG - Traceback (most recent call last):
  File "/Users/mohamedabdulkabia/Desktop/school.edu.sl/National/DataCleaningTool/app/controllers/data_cleaner.py", line 128, in load_data
    self.raw_data = pd.read_csv(temp_csv_path, chunksize=10000, low_memory=False)
                    ~~~~~~~~~~~^^^^^^^^^^^^^^^^^^^^^^^^^^^^^^^^^^^^^^^^^^^^^^^^^^
  File "/Users/mohamedabdulkabia/Desktop/school.edu.sl/National/DataCleaningTool/venv/lib/python3.13/site-packages/pandas/io/parsers/readers.py", line 1026, in read_csv
    return _read(filepath_or_buffer, kwds)
  File "/Users/mohamedabdulkabia/Desktop/school.edu.sl/National/DataCleaningTool/venv/lib/python3.13/site-packages/pandas/io/parsers/readers.py", line 620, in _read
    parser = TextFileReader(filepath_or_buffer, **kwds)
  File "/Users/mohamedabdulkabia/Desktop/school.edu.sl/National/DataCleaningTool/venv/lib/python3.13/site-packages/pandas/io/parsers/readers.py", line 1620, in __init__
    self._engine = self._make_engine(f, self.engine)
                   ~~~~~~~~~~~~~~~~~^^^^^^^^^^^^^^^^
  File "/Users/mohamedabdulkabia/Desktop/school.edu.sl/National/DataCleaningTool/venv/lib/python3.13/site-packages/pandas/io/parsers/readers.py", line 1880, in _make_engine
    self.handles = get_handle(
                   ~~~~~~~~~~^
        f,
        ^^
    ...<6 lines>...
        storage_options=self.options.get("storage_options", None),
        ^^^^^^^^^^^^^^^^^^^^^^^^^^^^^^^^^^^^^^^^^^^^^^^^^^^^^^^^^^
    )
    ^
  File "/Users/mohamedabdulkabia/Desktop/school.edu.sl/National/DataCleaningTool/venv/lib/python3.13/site-packages/pandas/io/common.py", line 873, in get_handle
    handle = open(
        handle,
    ...<3 lines>...
        newline="",
    )
FileNotFoundError: [Errno 2] No such file or directory: '/var/folders/yy/bqz5m2wx4l78by5hmygf7snc0000gn/T/tmpdlq8mpkz.csv'

2025-06-28 10:37:05,770 - app.views.main_window - ERROR - File loading failed: Failed to prepare data for processing.
2025-06-28 11:31:28,621 - app.utils.memory_monitor - INFO - Memory monitoring stopped. Peak usage: 299.859375 MB
2025-06-28 11:31:28,624 - __main__ - INFO - Memory monitoring stopped
2025-06-28 11:31:28,624 - __main__ - INFO - Application shutting down
