2025-06-28 16:55:49,873 - app.main - INFO - Starting application. Log file: /Users/mohamedabdulkabia/Desktop/school.edu.sl/National/DataCleaningTool/logs/app_20250628_165549.log
2025-06-28 16:55:49,873 - app.main - INFO - Global exception handler installed
2025-06-28 16:55:49,873 - app.utils.memory_monitor - INFO - Memory monitoring started
2025-06-28 16:55:49,877 - app.main - INFO - Memory monitoring started
2025-06-28 16:55:50,034 - app.views.main_window - INFO - Multithreading with maximum 10 threads
2025-06-28 16:55:50,136 - app.main - CRITICAL - Error during application execution: 'MainWindow' object has no attribute 'run_field_mapping'
2025-06-28 16:55:50,136 - app.main - ERROR - Exception details:
Traceback (most recent call last):
  File "/Users/mohamedabdulkabia/Desktop/school.edu.sl/National/DataCleaningTool/app/main.py", line 289, in main
    window = MainWindow()
  File "/Users/mohamedabdulkabia/Desktop/school.edu.sl/National/DataCleaningTool/app/views/main_window.py", line 116, in __init__
    self.setup_ui()
    ~~~~~~~~~~~~~^^
  File "/Users/mohamedabdulkabia/Desktop/school.edu.sl/National/DataCleaningTool/app/views/main_window.py", line 140, in setup_ui
    self.quantize_btn.clicked.connect(self.run_field_mapping)
                                      ^^^^^^^^^^^^^^^^^^^^^^
AttributeError: 'MainWindow' object has no attribute 'run_field_mapping'
2025-06-28 16:55:52,881 - app.utils.memory_monitor - INFO - Memory monitoring stopped. Peak usage: 324.84375 MB
2025-06-28 16:55:52,881 - app.main - INFO - Memory monitoring stopped
2025-06-28 16:55:52,881 - app.main - INFO - Cleaning up face recognition resources
2025-06-28 16:55:52,900 - app.main - INFO - Application shutting down
