2025-06-28 18:10:17,367 - app.main - INFO - Starting application. Log file: /Users/mohamedabdulkabia/Desktop/school.edu.sl/National/DataCleaningTool/logs/app_20250628_181017.log
2025-06-28 18:10:17,367 - app.main - INFO - Global exception handler installed
2025-06-28 18:10:17,367 - app.utils.memory_monitor - INFO - Memory monitoring started
2025-06-28 18:10:17,367 - app.main - INFO - Memory monitoring started
2025-06-28 18:10:17,538 - app.views.main_window - INFO - Multithreading with maximum 10 threads
2025-06-28 18:10:17,708 - app.main - CRITICAL - Error during application execution: 'MainWindow' object has no attribute 'browse_student_photo'
2025-06-28 18:10:17,708 - app.main - ERROR - Exception details:
Traceback (most recent call last):
  File "/Users/mohamedabdulkabia/Desktop/school.edu.sl/National/DataCleaningTool/app/main.py", line 291, in main
    window = MainWindow()
  File "/Users/mohamedabdulkabia/Desktop/school.edu.sl/National/DataCleaningTool/app/views/main_window.py", line 117, in __init__
    self.setup_menu()
    ~~~~~~~~~~~~~~~^^
  File "/Users/mohamedabdulkabia/Desktop/school.edu.sl/National/DataCleaningTool/app/views/main_window.py", line 269, in setup_menu
    ocr_action.triggered.connect(self.browse_student_photo)
                                 ^^^^^^^^^^^^^^^^^^^^^^^^^
AttributeError: 'MainWindow' object has no attribute 'browse_student_photo'. Did you mean: '_process_student_photos'?
2025-06-28 19:27:31,900 - app.utils.memory_monitor - INFO - Memory monitoring stopped. Peak usage: 324.734375 MB
2025-06-28 19:27:31,901 - app.main - INFO - Memory monitoring stopped
2025-06-28 19:27:31,901 - app.main - INFO - Cleaning up face recognition resources
2025-06-28 19:27:31,905 - app.main - INFO - Running garbage collection
2025-06-28 19:27:31,983 - app.main - INFO - Application shutting down
