2025-06-28 16:48:20,495 - app.main - INFO - Starting application. Log file: /Users/mohamedabdulkabia/Desktop/school.edu.sl/National/DataCleaningTool/logs/app_20250628_164820.log
2025-06-28 16:48:20,496 - app.main - INFO - Global exception handler installed
2025-06-28 16:48:20,496 - app.utils.memory_monitor - INFO - Memory monitoring started
2025-06-28 16:48:20,496 - app.main - INFO - Memory monitoring started
2025-06-28 16:48:20,731 - app.views.main_window - INFO - Multithreading with maximum 10 threads
2025-06-28 16:48:20,846 - app.main - CRITICAL - Error during application execution: 'MainWindow' object has no attribute 'run_field_mapping'
2025-06-28 16:48:20,846 - app.main - ERROR - Exception details:
Traceback (most recent call last):
  File "/Users/mohamedabdulkabia/Desktop/school.edu.sl/National/DataCleaningTool/app/main.py", line 289, in main
    window = MainWindow()
  File "/Users/mohamedabdulkabia/Desktop/school.edu.sl/National/DataCleaningTool/app/views/main_window.py", line 117, in __init__
    self.setup_ui()
    ~~~~~~~~~~~~~^^
  File "/Users/mohamedabdulkabia/Desktop/school.edu.sl/National/DataCleaningTool/app/views/main_window.py", line 141, in setup_ui
    self.quantize_btn.clicked.connect(self.run_field_mapping)
                                      ^^^^^^^^^^^^^^^^^^^^^^
AttributeError: 'MainWindow' object has no attribute 'run_field_mapping'
2025-06-28 16:48:26,527 - app.utils.memory_monitor - INFO - Memory monitoring stopped. Peak usage: 325.265625 MB
2025-06-28 16:48:26,527 - app.main - INFO - Memory monitoring stopped
2025-06-28 16:48:26,528 - app.main - INFO - Application shutting down
